<?xml version="1.0" encoding="UTF-8"?>
<!-- Generated by org.testng.reporters.JUnitXMLReporter -->
<testsuite ignored="0" hostname="DESKTOP-I5T2RA7" failures="0" tests="8" name="Default test" time="0.104" errors="0" timestamp="2022-09-05T16:57:58 IST">
  <testcase classname="pac1.Jtestngexp" name="aad" time="0.008"/>
  <testcase classname="pac1.Jtestngexp" name="prasad" time="0.0">
    <skipped/>
  </testcase> <!-- prasad -->
  <testcase classname="pac1.Jtestngexp" name="zex" time="0.001"/>
  <testcase classname="pac1.Jtestngexp" name="rasad" time="0.001"/>
  <testcase classname="pac1.Jtestngexp" name="irasad" time="0.002"/>
  <testcase classname="pac1.Jtestngexp" name="sad" time="0.001"/>
  <testcase classname="pac1.Jtestngexp" name="ex" time="0.0"/>
  <testcase classname="pac1.Jtestngexp" name="wrasad" time="0.002"/>
</testsuite> <!-- Default test -->
